32 error execute callback with error
33 error Error: Command failed: yarn install --mutex network:42424 --non-interactive
33 error (node:75988) [DEP0005] DeprecationWarning: Buffer() is deprecated due to security and usability issues. Please use the Buffer.alloc(), Buffer.allocUnsafe(), or Buffer.from() methods instead.
33 error warning "workspace-aggregator-cad5c2f9-df95-48d2-ac95-0048223b6e5e > @microfleet/amqp-connection > ts-jest@23.0.0" has unmet peer dependency "babel-core@^6.26.3 || ^7.0.0-0".
33 error lerna info version 2.11.0
33 error lerna info versioning independent
33 error lerna ERR! prepare Errored while running script in '@microfleet/amqp-parser'
33 error lerna ERR! execute callback with error
33 error lerna ERR! Error: Command failed: yarn run prepare
33 error lerna ERR! error Command failed with exit code 2.
33 error lerna ERR! yarn run v1.7.0
33 error lerna ERR! $ tsc -p tsconfig.build.json
33 error lerna ERR! error TS6059: File '/Users/vitaly/projects/amqp-coffee/packages/amqp-parser/dist/amqp-definitions-0-9-1.ts' is not under 'rootDir' '/Users/vitaly/projects/amqp-coffee/packages/amqp-parser/src'. 'rootDir' is expected to contain all source files.
33 error lerna ERR! info Visit https://yarnpkg.com/en/docs/cli/run for documentation about this command.
33 error lerna ERR!
33 error lerna ERR!     at Promise.all.then.arr (/Users/vitaly/.config/yarn/global/node_modules/lerna/node_modules/execa/index.js:236:11)
33 error { Error: Command failed: yarn run prepare
33 error error Command failed with exit code 2.
33 error yarn run v1.7.0
33 error $ tsc -p tsconfig.build.json
33 error error TS6059: File '/Users/vitaly/projects/amqp-coffee/packages/amqp-parser/dist/amqp-definitions-0-9-1.ts' is not under 'rootDir' '/Users/vitaly/projects/amqp-coffee/packages/amqp-parser/src'. 'rootDir' is expected to contain all source files.
33 error info Visit https://yarnpkg.com/en/docs/cli/run for documentation about this command.
33 error
33 error     at Promise.all.then.arr (/Users/vitaly/.config/yarn/global/node_modules/lerna/node_modules/execa/index.js:236:11)
33 error     at process._tickCallback (internal/process/next_tick.js:68:7)
33 error   code: 1,
33 error   killed: false,
33 error   stdout:
33 error    'yarn run v1.7.0\n$ tsc -p tsconfig.build.json\nerror TS6059: File \'/Users/vitaly/projects/amqp-coffee/packages/amqp-parser/dist/amqp-definitions-0-9-1.ts\' is not under \'rootDir\' \'/Users/vitaly/projects/amqp-coffee/packages/amqp-parser/src\'. \'rootDir\' is expected to contain all source files.\ninfo Visit https://yarnpkg.com/en/docs/cli/run for documentation about this command.\n',
33 error   stderr: 'error Command failed with exit code 2.\n',
33 error   failed: true,
33 error   signal: null,
33 error   cmd: 'yarn run prepare',
33 error   timedOut: false,
33 error   exitCode: 1 }
33 error error Command failed with exit code 1.
33 error yarn install v1.7.0
33 error [1/4] Resolving packages...
33 error [2/4] Fetching packages...
33 error [3/4] Linking dependencies...
33 error [4/4] Building fresh packages...
33 error success Saved lockfile.
33 error $ lerna run prepare
33 error yarn run v1.7.0
33 error $ tsc -p tsconfig.build.json
33 error Done in 1.81s.
33 error info Visit https://yarnpkg.com/en/docs/cli/install for documentation about this command.
33 error
33 error     at Promise.all.then.arr (/Users/vitaly/.config/yarn/global/node_modules/lerna/node_modules/execa/index.js:236:11)
